2025-05-23 01:10:01,744 - INFO - Starting to process files containing 'DenseNet161_BB_2d25um_binary_png.out' in /home/pj24001861/share/KU_Supakon/LARGE0/gr10573/DigitalRock/CNN-USML-demo/data/Case2-DenseNet161-Data. Found 0 files.
2025-05-23 01:10:01,745 - WARNING - No files found for keyword 'DenseNet161_BB_2d25um_binary_png.out' in /home/pj24001861/share/KU_Supakon/LARGE0/gr10573/DigitalRock/CNN-USML-demo/data/Case2-DenseNet161-Data.
2025-05-23 01:10:01,745 - INFO - Starting to process files containing 'DenseNet161_BSG_2d25um_binary_png.out' in /home/pj24001861/share/KU_Supakon/LARGE0/gr10573/DigitalRock/CNN-USML-demo/data/Case2-DenseNet161-Data. Found 0 files.
2025-05-23 01:10:01,745 - WARNING - No files found for keyword 'DenseNet161_BSG_2d25um_binary_png.out' in /home/pj24001861/share/KU_Supakon/LARGE0/gr10573/DigitalRock/CNN-USML-demo/data/Case2-DenseNet161-Data.
2025-05-23 01:10:01,745 - INFO - Starting to process files containing 'DenseNet161_BUG_2d25um_binary_png.out' in /home/pj24001861/share/KU_Supakon/LARGE0/gr10573/DigitalRock/CNN-USML-demo/data/Case2-DenseNet161-Data. Found 0 files.
2025-05-23 01:10:01,745 - WARNING - No files found for keyword 'DenseNet161_BUG_2d25um_binary_png.out' in /home/pj24001861/share/KU_Supakon/LARGE0/gr10573/DigitalRock/CNN-USML-demo/data/Case2-DenseNet161-Data.
2025-05-23 01:10:01,745 - INFO - Starting to process files containing 'DenseNet161_BanderaBrown_2d25um_binary_png.out' in /home/pj24001861/share/KU_Supakon/LARGE0/gr10573/DigitalRock/CNN-USML-demo/data/Case2-DenseNet161-Data. Found 0 files.
2025-05-23 01:10:01,745 - WARNING - No files found for keyword 'DenseNet161_BanderaBrown_2d25um_binary_png.out' in /home/pj24001861/share/KU_Supakon/LARGE0/gr10573/DigitalRock/CNN-USML-demo/data/Case2-DenseNet161-Data.
2025-05-23 01:10:01,746 - INFO - Starting to process files containing 'DenseNet161_BanderaGray_2d25um_binary_png.out' in /home/pj24001861/share/KU_Supakon/LARGE0/gr10573/DigitalRock/CNN-USML-demo/data/Case2-DenseNet161-Data. Found 0 files.
2025-05-23 01:10:01,746 - WARNING - No files found for keyword 'DenseNet161_BanderaGray_2d25um_binary_png.out' in /home/pj24001861/share/KU_Supakon/LARGE0/gr10573/DigitalRock/CNN-USML-demo/data/Case2-DenseNet161-Data.
2025-05-23 01:10:01,746 - INFO - Starting to process files containing 'DenseNet161_Bentheimer_2d25um_binary_png.out' in /home/pj24001861/share/KU_Supakon/LARGE0/gr10573/DigitalRock/CNN-USML-demo/data/Case2-DenseNet161-Data. Found 0 files.
2025-05-23 01:10:01,746 - WARNING - No files found for keyword 'DenseNet161_Bentheimer_2d25um_binary_png.out' in /home/pj24001861/share/KU_Supakon/LARGE0/gr10573/DigitalRock/CNN-USML-demo/data/Case2-DenseNet161-Data.
2025-05-23 01:10:01,746 - INFO - Starting to process files containing 'DenseNet161_Berea_2d25um_binary_png.out' in /home/pj24001861/share/KU_Supakon/LARGE0/gr10573/DigitalRock/CNN-USML-demo/data/Case2-DenseNet161-Data. Found 0 files.
2025-05-23 01:10:01,746 - WARNING - No files found for keyword 'DenseNet161_Berea_2d25um_binary_png.out' in /home/pj24001861/share/KU_Supakon/LARGE0/gr10573/DigitalRock/CNN-USML-demo/data/Case2-DenseNet161-Data.
2025-05-23 01:10:01,746 - INFO - Starting to process files containing 'DenseNet161_CastleGate_2d25um_binary_png.out' in /home/pj24001861/share/KU_Supakon/LARGE0/gr10573/DigitalRock/CNN-USML-demo/data/Case2-DenseNet161-Data. Found 0 files.
2025-05-23 01:10:01,746 - WARNING - No files found for keyword 'DenseNet161_CastleGate_2d25um_binary_png.out' in /home/pj24001861/share/KU_Supakon/LARGE0/gr10573/DigitalRock/CNN-USML-demo/data/Case2-DenseNet161-Data.
2025-05-23 01:10:01,746 - INFO - Starting to process files containing 'DenseNet161_Kirby_2d25um_binary_png.out' in /home/pj24001861/share/KU_Supakon/LARGE0/gr10573/DigitalRock/CNN-USML-demo/data/Case2-DenseNet161-Data. Found 0 files.
2025-05-23 01:10:01,746 - WARNING - No files found for keyword 'DenseNet161_Kirby_2d25um_binary_png.out' in /home/pj24001861/share/KU_Supakon/LARGE0/gr10573/DigitalRock/CNN-USML-demo/data/Case2-DenseNet161-Data.
2025-05-23 01:10:01,747 - INFO - Starting to process files containing 'DenseNet161_Leopard_2d25um_binary_png.out' in /home/pj24001861/share/KU_Supakon/LARGE0/gr10573/DigitalRock/CNN-USML-demo/data/Case2-DenseNet161-Data. Found 0 files.
2025-05-23 01:10:01,747 - WARNING - No files found for keyword 'DenseNet161_Leopard_2d25um_binary_png.out' in /home/pj24001861/share/KU_Supakon/LARGE0/gr10573/DigitalRock/CNN-USML-demo/data/Case2-DenseNet161-Data.
2025-05-23 01:10:01,747 - INFO - Starting to process files containing 'DenseNet161_Parker_2d25um_binary_png.out' in /home/pj24001861/share/KU_Supakon/LARGE0/gr10573/DigitalRock/CNN-USML-demo/data/Case2-DenseNet161-Data. Found 0 files.
2025-05-23 01:10:01,747 - WARNING - No files found for keyword 'DenseNet161_Parker_2d25um_binary_png.out' in /home/pj24001861/share/KU_Supakon/LARGE0/gr10573/DigitalRock/CNN-USML-demo/data/Case2-DenseNet161-Data.
2025-05-23 01:10:01,747 - ERROR - No valid vectors found. Exiting the program.
2025-05-23 01:18:20,525 - INFO - Starting to process files containing 'DenseNet161_BB_2d25um_binary_png.out' in /home/pj24001861/share/KU_Supakon/LARGE0/gr10573/DigitalRock/CNN-USML-demo/../Case2-DenseNet161-Data. Found 0 files.
2025-05-23 01:18:20,525 - WARNING - No files found for keyword 'DenseNet161_BB_2d25um_binary_png.out' in /home/pj24001861/share/KU_Supakon/LARGE0/gr10573/DigitalRock/CNN-USML-demo/../Case2-DenseNet161-Data.
2025-05-23 01:18:20,526 - INFO - Starting to process files containing 'DenseNet161_BSG_2d25um_binary_png.out' in /home/pj24001861/share/KU_Supakon/LARGE0/gr10573/DigitalRock/CNN-USML-demo/../Case2-DenseNet161-Data. Found 0 files.
2025-05-23 01:18:20,526 - WARNING - No files found for keyword 'DenseNet161_BSG_2d25um_binary_png.out' in /home/pj24001861/share/KU_Supakon/LARGE0/gr10573/DigitalRock/CNN-USML-demo/../Case2-DenseNet161-Data.
2025-05-23 01:18:20,526 - INFO - Starting to process files containing 'DenseNet161_BUG_2d25um_binary_png.out' in /home/pj24001861/share/KU_Supakon/LARGE0/gr10573/DigitalRock/CNN-USML-demo/../Case2-DenseNet161-Data. Found 0 files.
2025-05-23 01:18:20,526 - WARNING - No files found for keyword 'DenseNet161_BUG_2d25um_binary_png.out' in /home/pj24001861/share/KU_Supakon/LARGE0/gr10573/DigitalRock/CNN-USML-demo/../Case2-DenseNet161-Data.
2025-05-23 01:18:20,526 - INFO - Starting to process files containing 'DenseNet161_BanderaBrown_2d25um_binary_png.out' in /home/pj24001861/share/KU_Supakon/LARGE0/gr10573/DigitalRock/CNN-USML-demo/../Case2-DenseNet161-Data. Found 0 files.
2025-05-23 01:18:20,526 - WARNING - No files found for keyword 'DenseNet161_BanderaBrown_2d25um_binary_png.out' in /home/pj24001861/share/KU_Supakon/LARGE0/gr10573/DigitalRock/CNN-USML-demo/../Case2-DenseNet161-Data.
2025-05-23 01:18:20,526 - INFO - Starting to process files containing 'DenseNet161_BanderaGray_2d25um_binary_png.out' in /home/pj24001861/share/KU_Supakon/LARGE0/gr10573/DigitalRock/CNN-USML-demo/../Case2-DenseNet161-Data. Found 0 files.
2025-05-23 01:18:20,526 - WARNING - No files found for keyword 'DenseNet161_BanderaGray_2d25um_binary_png.out' in /home/pj24001861/share/KU_Supakon/LARGE0/gr10573/DigitalRock/CNN-USML-demo/../Case2-DenseNet161-Data.
2025-05-23 01:18:20,527 - INFO - Starting to process files containing 'DenseNet161_Bentheimer_2d25um_binary_png.out' in /home/pj24001861/share/KU_Supakon/LARGE0/gr10573/DigitalRock/CNN-USML-demo/../Case2-DenseNet161-Data. Found 0 files.
2025-05-23 01:18:20,527 - WARNING - No files found for keyword 'DenseNet161_Bentheimer_2d25um_binary_png.out' in /home/pj24001861/share/KU_Supakon/LARGE0/gr10573/DigitalRock/CNN-USML-demo/../Case2-DenseNet161-Data.
2025-05-23 01:18:20,527 - INFO - Starting to process files containing 'DenseNet161_Berea_2d25um_binary_png.out' in /home/pj24001861/share/KU_Supakon/LARGE0/gr10573/DigitalRock/CNN-USML-demo/../Case2-DenseNet161-Data. Found 0 files.
2025-05-23 01:18:20,527 - WARNING - No files found for keyword 'DenseNet161_Berea_2d25um_binary_png.out' in /home/pj24001861/share/KU_Supakon/LARGE0/gr10573/DigitalRock/CNN-USML-demo/../Case2-DenseNet161-Data.
2025-05-23 01:18:20,527 - INFO - Starting to process files containing 'DenseNet161_CastleGate_2d25um_binary_png.out' in /home/pj24001861/share/KU_Supakon/LARGE0/gr10573/DigitalRock/CNN-USML-demo/../Case2-DenseNet161-Data. Found 0 files.
2025-05-23 01:18:20,527 - WARNING - No files found for keyword 'DenseNet161_CastleGate_2d25um_binary_png.out' in /home/pj24001861/share/KU_Supakon/LARGE0/gr10573/DigitalRock/CNN-USML-demo/../Case2-DenseNet161-Data.
2025-05-23 01:18:20,527 - INFO - Starting to process files containing 'DenseNet161_Kirby_2d25um_binary_png.out' in /home/pj24001861/share/KU_Supakon/LARGE0/gr10573/DigitalRock/CNN-USML-demo/../Case2-DenseNet161-Data. Found 0 files.
2025-05-23 01:18:20,527 - WARNING - No files found for keyword 'DenseNet161_Kirby_2d25um_binary_png.out' in /home/pj24001861/share/KU_Supakon/LARGE0/gr10573/DigitalRock/CNN-USML-demo/../Case2-DenseNet161-Data.
2025-05-23 01:18:20,527 - INFO - Starting to process files containing 'DenseNet161_Leopard_2d25um_binary_png.out' in /home/pj24001861/share/KU_Supakon/LARGE0/gr10573/DigitalRock/CNN-USML-demo/../Case2-DenseNet161-Data. Found 0 files.
2025-05-23 01:18:20,527 - WARNING - No files found for keyword 'DenseNet161_Leopard_2d25um_binary_png.out' in /home/pj24001861/share/KU_Supakon/LARGE0/gr10573/DigitalRock/CNN-USML-demo/../Case2-DenseNet161-Data.
2025-05-23 01:18:20,528 - INFO - Starting to process files containing 'DenseNet161_Parker_2d25um_binary_png.out' in /home/pj24001861/share/KU_Supakon/LARGE0/gr10573/DigitalRock/CNN-USML-demo/../Case2-DenseNet161-Data. Found 0 files.
2025-05-23 01:18:20,528 - WARNING - No files found for keyword 'DenseNet161_Parker_2d25um_binary_png.out' in /home/pj24001861/share/KU_Supakon/LARGE0/gr10573/DigitalRock/CNN-USML-demo/../Case2-DenseNet161-Data.
2025-05-23 01:18:20,528 - ERROR - No valid vectors found. Exiting the program.
2025-05-23 01:18:49,541 - INFO - Starting to process files containing 'DenseNet161_BB_2d25um_binary_png.out' in /home/pj24001861/share/KU_Supakon/LARGE0/gr10573/DigitalRock/CNN-USML-demo/Case2-DenseNet161-Data. Found 0 files.
2025-05-23 01:18:49,541 - WARNING - No files found for keyword 'DenseNet161_BB_2d25um_binary_png.out' in /home/pj24001861/share/KU_Supakon/LARGE0/gr10573/DigitalRock/CNN-USML-demo/Case2-DenseNet161-Data.
2025-05-23 01:18:49,541 - INFO - Starting to process files containing 'DenseNet161_BSG_2d25um_binary_png.out' in /home/pj24001861/share/KU_Supakon/LARGE0/gr10573/DigitalRock/CNN-USML-demo/Case2-DenseNet161-Data. Found 0 files.
2025-05-23 01:18:49,541 - WARNING - No files found for keyword 'DenseNet161_BSG_2d25um_binary_png.out' in /home/pj24001861/share/KU_Supakon/LARGE0/gr10573/DigitalRock/CNN-USML-demo/Case2-DenseNet161-Data.
2025-05-23 01:18:49,542 - INFO - Starting to process files containing 'DenseNet161_BUG_2d25um_binary_png.out' in /home/pj24001861/share/KU_Supakon/LARGE0/gr10573/DigitalRock/CNN-USML-demo/Case2-DenseNet161-Data. Found 0 files.
2025-05-23 01:18:49,542 - WARNING - No files found for keyword 'DenseNet161_BUG_2d25um_binary_png.out' in /home/pj24001861/share/KU_Supakon/LARGE0/gr10573/DigitalRock/CNN-USML-demo/Case2-DenseNet161-Data.
2025-05-23 01:18:49,542 - INFO - Starting to process files containing 'DenseNet161_BanderaBrown_2d25um_binary_png.out' in /home/pj24001861/share/KU_Supakon/LARGE0/gr10573/DigitalRock/CNN-USML-demo/Case2-DenseNet161-Data. Found 0 files.
2025-05-23 01:18:49,542 - WARNING - No files found for keyword 'DenseNet161_BanderaBrown_2d25um_binary_png.out' in /home/pj24001861/share/KU_Supakon/LARGE0/gr10573/DigitalRock/CNN-USML-demo/Case2-DenseNet161-Data.
2025-05-23 01:18:49,542 - INFO - Starting to process files containing 'DenseNet161_BanderaGray_2d25um_binary_png.out' in /home/pj24001861/share/KU_Supakon/LARGE0/gr10573/DigitalRock/CNN-USML-demo/Case2-DenseNet161-Data. Found 0 files.
2025-05-23 01:18:49,542 - WARNING - No files found for keyword 'DenseNet161_BanderaGray_2d25um_binary_png.out' in /home/pj24001861/share/KU_Supakon/LARGE0/gr10573/DigitalRock/CNN-USML-demo/Case2-DenseNet161-Data.
2025-05-23 01:18:49,542 - INFO - Starting to process files containing 'DenseNet161_Bentheimer_2d25um_binary_png.out' in /home/pj24001861/share/KU_Supakon/LARGE0/gr10573/DigitalRock/CNN-USML-demo/Case2-DenseNet161-Data. Found 0 files.
2025-05-23 01:18:49,542 - WARNING - No files found for keyword 'DenseNet161_Bentheimer_2d25um_binary_png.out' in /home/pj24001861/share/KU_Supakon/LARGE0/gr10573/DigitalRock/CNN-USML-demo/Case2-DenseNet161-Data.
2025-05-23 01:18:49,543 - INFO - Starting to process files containing 'DenseNet161_Berea_2d25um_binary_png.out' in /home/pj24001861/share/KU_Supakon/LARGE0/gr10573/DigitalRock/CNN-USML-demo/Case2-DenseNet161-Data. Found 0 files.
2025-05-23 01:18:49,543 - WARNING - No files found for keyword 'DenseNet161_Berea_2d25um_binary_png.out' in /home/pj24001861/share/KU_Supakon/LARGE0/gr10573/DigitalRock/CNN-USML-demo/Case2-DenseNet161-Data.
2025-05-23 01:18:49,543 - INFO - Starting to process files containing 'DenseNet161_CastleGate_2d25um_binary_png.out' in /home/pj24001861/share/KU_Supakon/LARGE0/gr10573/DigitalRock/CNN-USML-demo/Case2-DenseNet161-Data. Found 0 files.
2025-05-23 01:18:49,543 - WARNING - No files found for keyword 'DenseNet161_CastleGate_2d25um_binary_png.out' in /home/pj24001861/share/KU_Supakon/LARGE0/gr10573/DigitalRock/CNN-USML-demo/Case2-DenseNet161-Data.
2025-05-23 01:18:49,543 - INFO - Starting to process files containing 'DenseNet161_Kirby_2d25um_binary_png.out' in /home/pj24001861/share/KU_Supakon/LARGE0/gr10573/DigitalRock/CNN-USML-demo/Case2-DenseNet161-Data. Found 0 files.
2025-05-23 01:18:49,543 - WARNING - No files found for keyword 'DenseNet161_Kirby_2d25um_binary_png.out' in /home/pj24001861/share/KU_Supakon/LARGE0/gr10573/DigitalRock/CNN-USML-demo/Case2-DenseNet161-Data.
2025-05-23 01:18:49,543 - INFO - Starting to process files containing 'DenseNet161_Leopard_2d25um_binary_png.out' in /home/pj24001861/share/KU_Supakon/LARGE0/gr10573/DigitalRock/CNN-USML-demo/Case2-DenseNet161-Data. Found 0 files.
2025-05-23 01:18:49,543 - WARNING - No files found for keyword 'DenseNet161_Leopard_2d25um_binary_png.out' in /home/pj24001861/share/KU_Supakon/LARGE0/gr10573/DigitalRock/CNN-USML-demo/Case2-DenseNet161-Data.
2025-05-23 01:18:49,543 - INFO - Starting to process files containing 'DenseNet161_Parker_2d25um_binary_png.out' in /home/pj24001861/share/KU_Supakon/LARGE0/gr10573/DigitalRock/CNN-USML-demo/Case2-DenseNet161-Data. Found 0 files.
2025-05-23 01:18:49,543 - WARNING - No files found for keyword 'DenseNet161_Parker_2d25um_binary_png.out' in /home/pj24001861/share/KU_Supakon/LARGE0/gr10573/DigitalRock/CNN-USML-demo/Case2-DenseNet161-Data.
2025-05-23 01:18:49,543 - ERROR - No valid vectors found. Exiting the program.
2025-05-23 01:25:21,092 - INFO - Starting to process files containing 'DenseNet161_BB_2d25um_binary_png.out' in /home/pj24001861/share/KU_Supakon/LARGE0/gr10573/DigitalRock/CNN-USML-demo/FeatureVector/DenseNetOut. Found 0 files.
2025-05-23 01:25:21,093 - WARNING - No files found for keyword 'DenseNet161_BB_2d25um_binary_png.out' in /home/pj24001861/share/KU_Supakon/LARGE0/gr10573/DigitalRock/CNN-USML-demo/FeatureVector/DenseNetOut.
2025-05-23 01:25:21,093 - INFO - Starting to process files containing 'DenseNet161_BSG_2d25um_binary_png.out' in /home/pj24001861/share/KU_Supakon/LARGE0/gr10573/DigitalRock/CNN-USML-demo/FeatureVector/DenseNetOut. Found 0 files.
2025-05-23 01:25:21,093 - WARNING - No files found for keyword 'DenseNet161_BSG_2d25um_binary_png.out' in /home/pj24001861/share/KU_Supakon/LARGE0/gr10573/DigitalRock/CNN-USML-demo/FeatureVector/DenseNetOut.
2025-05-23 01:25:21,094 - INFO - Starting to process files containing 'DenseNet161_BUG_2d25um_binary_png.out' in /home/pj24001861/share/KU_Supakon/LARGE0/gr10573/DigitalRock/CNN-USML-demo/FeatureVector/DenseNetOut. Found 0 files.
2025-05-23 01:25:21,094 - WARNING - No files found for keyword 'DenseNet161_BUG_2d25um_binary_png.out' in /home/pj24001861/share/KU_Supakon/LARGE0/gr10573/DigitalRock/CNN-USML-demo/FeatureVector/DenseNetOut.
2025-05-23 01:25:21,094 - INFO - Starting to process files containing 'DenseNet161_BanderaBrown_2d25um_binary_png.out' in /home/pj24001861/share/KU_Supakon/LARGE0/gr10573/DigitalRock/CNN-USML-demo/FeatureVector/DenseNetOut. Found 0 files.
2025-05-23 01:25:21,094 - WARNING - No files found for keyword 'DenseNet161_BanderaBrown_2d25um_binary_png.out' in /home/pj24001861/share/KU_Supakon/LARGE0/gr10573/DigitalRock/CNN-USML-demo/FeatureVector/DenseNetOut.
2025-05-23 01:25:21,095 - INFO - Starting to process files containing 'DenseNet161_BanderaGray_2d25um_binary_png.out' in /home/pj24001861/share/KU_Supakon/LARGE0/gr10573/DigitalRock/CNN-USML-demo/FeatureVector/DenseNetOut. Found 0 files.
2025-05-23 01:25:21,095 - WARNING - No files found for keyword 'DenseNet161_BanderaGray_2d25um_binary_png.out' in /home/pj24001861/share/KU_Supakon/LARGE0/gr10573/DigitalRock/CNN-USML-demo/FeatureVector/DenseNetOut.
2025-05-23 01:25:21,095 - INFO - Starting to process files containing 'DenseNet161_Bentheimer_2d25um_binary_png.out' in /home/pj24001861/share/KU_Supakon/LARGE0/gr10573/DigitalRock/CNN-USML-demo/FeatureVector/DenseNetOut. Found 0 files.
2025-05-23 01:25:21,096 - WARNING - No files found for keyword 'DenseNet161_Bentheimer_2d25um_binary_png.out' in /home/pj24001861/share/KU_Supakon/LARGE0/gr10573/DigitalRock/CNN-USML-demo/FeatureVector/DenseNetOut.
2025-05-23 01:25:21,096 - INFO - Starting to process files containing 'DenseNet161_Berea_2d25um_binary_png.out' in /home/pj24001861/share/KU_Supakon/LARGE0/gr10573/DigitalRock/CNN-USML-demo/FeatureVector/DenseNetOut. Found 0 files.
2025-05-23 01:25:21,096 - WARNING - No files found for keyword 'DenseNet161_Berea_2d25um_binary_png.out' in /home/pj24001861/share/KU_Supakon/LARGE0/gr10573/DigitalRock/CNN-USML-demo/FeatureVector/DenseNetOut.
2025-05-23 01:25:21,096 - INFO - Starting to process files containing 'DenseNet161_CastleGate_2d25um_binary_png.out' in /home/pj24001861/share/KU_Supakon/LARGE0/gr10573/DigitalRock/CNN-USML-demo/FeatureVector/DenseNetOut. Found 0 files.
2025-05-23 01:25:21,097 - WARNING - No files found for keyword 'DenseNet161_CastleGate_2d25um_binary_png.out' in /home/pj24001861/share/KU_Supakon/LARGE0/gr10573/DigitalRock/CNN-USML-demo/FeatureVector/DenseNetOut.
2025-05-23 01:25:21,097 - INFO - Starting to process files containing 'DenseNet161_Kirby_2d25um_binary_png.out' in /home/pj24001861/share/KU_Supakon/LARGE0/gr10573/DigitalRock/CNN-USML-demo/FeatureVector/DenseNetOut. Found 0 files.
2025-05-23 01:25:21,097 - WARNING - No files found for keyword 'DenseNet161_Kirby_2d25um_binary_png.out' in /home/pj24001861/share/KU_Supakon/LARGE0/gr10573/DigitalRock/CNN-USML-demo/FeatureVector/DenseNetOut.
2025-05-23 01:25:21,097 - INFO - Starting to process files containing 'DenseNet161_Leopard_2d25um_binary_png.out' in /home/pj24001861/share/KU_Supakon/LARGE0/gr10573/DigitalRock/CNN-USML-demo/FeatureVector/DenseNetOut. Found 0 files.
2025-05-23 01:25:21,098 - WARNING - No files found for keyword 'DenseNet161_Leopard_2d25um_binary_png.out' in /home/pj24001861/share/KU_Supakon/LARGE0/gr10573/DigitalRock/CNN-USML-demo/FeatureVector/DenseNetOut.
2025-05-23 01:25:21,098 - INFO - Starting to process files containing 'DenseNet161_Parker_2d25um_binary_png.out' in /home/pj24001861/share/KU_Supakon/LARGE0/gr10573/DigitalRock/CNN-USML-demo/FeatureVector/DenseNetOut. Found 0 files.
2025-05-23 01:25:21,098 - WARNING - No files found for keyword 'DenseNet161_Parker_2d25um_binary_png.out' in /home/pj24001861/share/KU_Supakon/LARGE0/gr10573/DigitalRock/CNN-USML-demo/FeatureVector/DenseNetOut.
2025-05-23 01:25:21,098 - ERROR - No valid vectors found. Exiting the program.
2025-05-23 01:25:57,366 - INFO - Starting to process files containing 'DenseNet161_BB_2d25um_binary_png.out' in /home/pj24001861/share/KU_Supakon/LARGE0/gr10573/DigitalRock/CNN-USML-demo/FeatureVector/DenseNetOut. Found 0 files.
2025-05-23 01:25:57,366 - WARNING - No files found for keyword 'DenseNet161_BB_2d25um_binary_png.out' in /home/pj24001861/share/KU_Supakon/LARGE0/gr10573/DigitalRock/CNN-USML-demo/FeatureVector/DenseNetOut.
2025-05-23 01:25:57,366 - INFO - Starting to process files containing 'DenseNet161_BSG_2d25um_binary_png.out' in /home/pj24001861/share/KU_Supakon/LARGE0/gr10573/DigitalRock/CNN-USML-demo/FeatureVector/DenseNetOut. Found 0 files.
2025-05-23 01:25:57,366 - WARNING - No files found for keyword 'DenseNet161_BSG_2d25um_binary_png.out' in /home/pj24001861/share/KU_Supakon/LARGE0/gr10573/DigitalRock/CNN-USML-demo/FeatureVector/DenseNetOut.
2025-05-23 01:25:57,367 - INFO - Starting to process files containing 'DenseNet161_BUG_2d25um_binary_png.out' in /home/pj24001861/share/KU_Supakon/LARGE0/gr10573/DigitalRock/CNN-USML-demo/FeatureVector/DenseNetOut. Found 0 files.
2025-05-23 01:25:57,367 - WARNING - No files found for keyword 'DenseNet161_BUG_2d25um_binary_png.out' in /home/pj24001861/share/KU_Supakon/LARGE0/gr10573/DigitalRock/CNN-USML-demo/FeatureVector/DenseNetOut.
2025-05-23 01:25:57,368 - INFO - Starting to process files containing 'DenseNet161_BanderaBrown_2d25um_binary_png.out' in /home/pj24001861/share/KU_Supakon/LARGE0/gr10573/DigitalRock/CNN-USML-demo/FeatureVector/DenseNetOut. Found 0 files.
2025-05-23 01:25:57,368 - WARNING - No files found for keyword 'DenseNet161_BanderaBrown_2d25um_binary_png.out' in /home/pj24001861/share/KU_Supakon/LARGE0/gr10573/DigitalRock/CNN-USML-demo/FeatureVector/DenseNetOut.
2025-05-23 01:25:57,368 - INFO - Starting to process files containing 'DenseNet161_BanderaGray_2d25um_binary_png.out' in /home/pj24001861/share/KU_Supakon/LARGE0/gr10573/DigitalRock/CNN-USML-demo/FeatureVector/DenseNetOut. Found 0 files.
2025-05-23 01:25:57,368 - WARNING - No files found for keyword 'DenseNet161_BanderaGray_2d25um_binary_png.out' in /home/pj24001861/share/KU_Supakon/LARGE0/gr10573/DigitalRock/CNN-USML-demo/FeatureVector/DenseNetOut.
2025-05-23 01:25:57,369 - INFO - Starting to process files containing 'DenseNet161_Bentheimer_2d25um_binary_png.out' in /home/pj24001861/share/KU_Supakon/LARGE0/gr10573/DigitalRock/CNN-USML-demo/FeatureVector/DenseNetOut. Found 0 files.
2025-05-23 01:25:57,369 - WARNING - No files found for keyword 'DenseNet161_Bentheimer_2d25um_binary_png.out' in /home/pj24001861/share/KU_Supakon/LARGE0/gr10573/DigitalRock/CNN-USML-demo/FeatureVector/DenseNetOut.
2025-05-23 01:25:57,369 - INFO - Starting to process files containing 'DenseNet161_Berea_2d25um_binary_png.out' in /home/pj24001861/share/KU_Supakon/LARGE0/gr10573/DigitalRock/CNN-USML-demo/FeatureVector/DenseNetOut. Found 0 files.
2025-05-23 01:25:57,369 - WARNING - No files found for keyword 'DenseNet161_Berea_2d25um_binary_png.out' in /home/pj24001861/share/KU_Supakon/LARGE0/gr10573/DigitalRock/CNN-USML-demo/FeatureVector/DenseNetOut.
2025-05-23 01:25:57,370 - INFO - Starting to process files containing 'DenseNet161_CastleGate_2d25um_binary_png.out' in /home/pj24001861/share/KU_Supakon/LARGE0/gr10573/DigitalRock/CNN-USML-demo/FeatureVector/DenseNetOut. Found 0 files.
2025-05-23 01:25:57,370 - WARNING - No files found for keyword 'DenseNet161_CastleGate_2d25um_binary_png.out' in /home/pj24001861/share/KU_Supakon/LARGE0/gr10573/DigitalRock/CNN-USML-demo/FeatureVector/DenseNetOut.
2025-05-23 01:25:57,370 - INFO - Starting to process files containing 'DenseNet161_Kirby_2d25um_binary_png.out' in /home/pj24001861/share/KU_Supakon/LARGE0/gr10573/DigitalRock/CNN-USML-demo/FeatureVector/DenseNetOut. Found 0 files.
2025-05-23 01:25:57,370 - WARNING - No files found for keyword 'DenseNet161_Kirby_2d25um_binary_png.out' in /home/pj24001861/share/KU_Supakon/LARGE0/gr10573/DigitalRock/CNN-USML-demo/FeatureVector/DenseNetOut.
2025-05-23 01:25:57,371 - INFO - Starting to process files containing 'DenseNet161_Leopard_2d25um_binary_png.out' in /home/pj24001861/share/KU_Supakon/LARGE0/gr10573/DigitalRock/CNN-USML-demo/FeatureVector/DenseNetOut. Found 0 files.
2025-05-23 01:25:57,371 - WARNING - No files found for keyword 'DenseNet161_Leopard_2d25um_binary_png.out' in /home/pj24001861/share/KU_Supakon/LARGE0/gr10573/DigitalRock/CNN-USML-demo/FeatureVector/DenseNetOut.
2025-05-23 01:25:57,371 - INFO - Starting to process files containing 'DenseNet161_Parker_2d25um_binary_png.out' in /home/pj24001861/share/KU_Supakon/LARGE0/gr10573/DigitalRock/CNN-USML-demo/FeatureVector/DenseNetOut. Found 0 files.
2025-05-23 01:25:57,371 - WARNING - No files found for keyword 'DenseNet161_Parker_2d25um_binary_png.out' in /home/pj24001861/share/KU_Supakon/LARGE0/gr10573/DigitalRock/CNN-USML-demo/FeatureVector/DenseNetOut.
2025-05-23 01:25:57,371 - ERROR - No valid vectors found. Exiting the program.
2025-05-23 01:26:27,116 - INFO - Starting to process files containing 'DenseNet161_BB_2d25um_binary_png.out' in /home/pj24001861/share/KU_Supakon/LARGE0/gr10573/DigitalRock/CNN-USML-demo/Demo-Case2/FeatureVector/DenseNetOut. Found 1 files.
2025-05-23 01:26:27,116 - INFO - Processing file: /home/pj24001861/share/KU_Supakon/LARGE0/gr10573/DigitalRock/CNN-USML-demo/Demo-Case2/FeatureVector/DenseNetOut/DenseNet161_BB_2d25um_binary_png.out
2025-05-23 01:26:27,620 - INFO - Starting to process files containing 'DenseNet161_BSG_2d25um_binary_png.out' in /home/pj24001861/share/KU_Supakon/LARGE0/gr10573/DigitalRock/CNN-USML-demo/Demo-Case2/FeatureVector/DenseNetOut. Found 1 files.
2025-05-23 01:26:27,621 - INFO - Processing file: /home/pj24001861/share/KU_Supakon/LARGE0/gr10573/DigitalRock/CNN-USML-demo/Demo-Case2/FeatureVector/DenseNetOut/DenseNet161_BSG_2d25um_binary_png.out
2025-05-23 01:26:27,809 - INFO - Starting to process files containing 'DenseNet161_BUG_2d25um_binary_png.out' in /home/pj24001861/share/KU_Supakon/LARGE0/gr10573/DigitalRock/CNN-USML-demo/Demo-Case2/FeatureVector/DenseNetOut. Found 1 files.
2025-05-23 01:26:27,809 - INFO - Processing file: /home/pj24001861/share/KU_Supakon/LARGE0/gr10573/DigitalRock/CNN-USML-demo/Demo-Case2/FeatureVector/DenseNetOut/DenseNet161_BUG_2d25um_binary_png.out
2025-05-23 01:26:27,998 - INFO - Starting to process files containing 'DenseNet161_BanderaBrown_2d25um_binary_png.out' in /home/pj24001861/share/KU_Supakon/LARGE0/gr10573/DigitalRock/CNN-USML-demo/Demo-Case2/FeatureVector/DenseNetOut. Found 1 files.
2025-05-23 01:26:27,998 - INFO - Processing file: /home/pj24001861/share/KU_Supakon/LARGE0/gr10573/DigitalRock/CNN-USML-demo/Demo-Case2/FeatureVector/DenseNetOut/DenseNet161_BanderaBrown_2d25um_binary_png.out
2025-05-23 01:26:28,187 - INFO - Starting to process files containing 'DenseNet161_BanderaGray_2d25um_binary_png.out' in /home/pj24001861/share/KU_Supakon/LARGE0/gr10573/DigitalRock/CNN-USML-demo/Demo-Case2/FeatureVector/DenseNetOut. Found 1 files.
2025-05-23 01:26:28,187 - INFO - Processing file: /home/pj24001861/share/KU_Supakon/LARGE0/gr10573/DigitalRock/CNN-USML-demo/Demo-Case2/FeatureVector/DenseNetOut/DenseNet161_BanderaGray_2d25um_binary_png.out
2025-05-23 01:26:28,375 - INFO - Starting to process files containing 'DenseNet161_Bentheimer_2d25um_binary_png.out' in /home/pj24001861/share/KU_Supakon/LARGE0/gr10573/DigitalRock/CNN-USML-demo/Demo-Case2/FeatureVector/DenseNetOut. Found 1 files.
2025-05-23 01:26:28,375 - INFO - Processing file: /home/pj24001861/share/KU_Supakon/LARGE0/gr10573/DigitalRock/CNN-USML-demo/Demo-Case2/FeatureVector/DenseNetOut/DenseNet161_Bentheimer_2d25um_binary_png.out
2025-05-23 01:26:28,560 - INFO - Starting to process files containing 'DenseNet161_Berea_2d25um_binary_png.out' in /home/pj24001861/share/KU_Supakon/LARGE0/gr10573/DigitalRock/CNN-USML-demo/Demo-Case2/FeatureVector/DenseNetOut. Found 1 files.
2025-05-23 01:26:28,560 - INFO - Processing file: /home/pj24001861/share/KU_Supakon/LARGE0/gr10573/DigitalRock/CNN-USML-demo/Demo-Case2/FeatureVector/DenseNetOut/DenseNet161_Berea_2d25um_binary_png.out
2025-05-23 01:26:28,748 - INFO - Starting to process files containing 'DenseNet161_CastleGate_2d25um_binary_png.out' in /home/pj24001861/share/KU_Supakon/LARGE0/gr10573/DigitalRock/CNN-USML-demo/Demo-Case2/FeatureVector/DenseNetOut. Found 1 files.
2025-05-23 01:26:28,749 - INFO - Processing file: /home/pj24001861/share/KU_Supakon/LARGE0/gr10573/DigitalRock/CNN-USML-demo/Demo-Case2/FeatureVector/DenseNetOut/DenseNet161_CastleGate_2d25um_binary_png.out
2025-05-23 01:26:28,947 - INFO - Starting to process files containing 'DenseNet161_Kirby_2d25um_binary_png.out' in /home/pj24001861/share/KU_Supakon/LARGE0/gr10573/DigitalRock/CNN-USML-demo/Demo-Case2/FeatureVector/DenseNetOut. Found 1 files.
2025-05-23 01:26:28,947 - INFO - Processing file: /home/pj24001861/share/KU_Supakon/LARGE0/gr10573/DigitalRock/CNN-USML-demo/Demo-Case2/FeatureVector/DenseNetOut/DenseNet161_Kirby_2d25um_binary_png.out
2025-05-23 01:26:29,130 - INFO - Starting to process files containing 'DenseNet161_Leopard_2d25um_binary_png.out' in /home/pj24001861/share/KU_Supakon/LARGE0/gr10573/DigitalRock/CNN-USML-demo/Demo-Case2/FeatureVector/DenseNetOut. Found 1 files.
2025-05-23 01:26:29,130 - INFO - Processing file: /home/pj24001861/share/KU_Supakon/LARGE0/gr10573/DigitalRock/CNN-USML-demo/Demo-Case2/FeatureVector/DenseNetOut/DenseNet161_Leopard_2d25um_binary_png.out
2025-05-23 01:26:29,313 - INFO - Starting to process files containing 'DenseNet161_Parker_2d25um_binary_png.out' in /home/pj24001861/share/KU_Supakon/LARGE0/gr10573/DigitalRock/CNN-USML-demo/Demo-Case2/FeatureVector/DenseNetOut. Found 1 files.
2025-05-23 01:26:29,313 - INFO - Processing file: /home/pj24001861/share/KU_Supakon/LARGE0/gr10573/DigitalRock/CNN-USML-demo/Demo-Case2/FeatureVector/DenseNetOut/DenseNet161_Parker_2d25um_binary_png.out
2025-05-23 01:26:29,533 - INFO - Completed processing all files. Starting t-SNE computation.
2025-05-23 01:29:50,324 - INFO - Starting to process files containing 'DenseNet161_BB_2d25um_binary_png.out' in /home/pj24001861/share/KU_Supakon/LARGE0/gr10573/DigitalRock/CNN-USML-demo/Demo-Case2/FeatureVector/DenseNetOut. Found 1 files.
2025-05-23 01:29:50,324 - INFO - Processing file: /home/pj24001861/share/KU_Supakon/LARGE0/gr10573/DigitalRock/CNN-USML-demo/Demo-Case2/FeatureVector/DenseNetOut/DenseNet161_BB_2d25um_binary_png.out
2025-05-23 01:29:50,517 - INFO - Starting to process files containing 'DenseNet161_BSG_2d25um_binary_png.out' in /home/pj24001861/share/KU_Supakon/LARGE0/gr10573/DigitalRock/CNN-USML-demo/Demo-Case2/FeatureVector/DenseNetOut. Found 1 files.
2025-05-23 01:29:50,518 - INFO - Processing file: /home/pj24001861/share/KU_Supakon/LARGE0/gr10573/DigitalRock/CNN-USML-demo/Demo-Case2/FeatureVector/DenseNetOut/DenseNet161_BSG_2d25um_binary_png.out
2025-05-23 01:29:50,704 - INFO - Starting to process files containing 'DenseNet161_BUG_2d25um_binary_png.out' in /home/pj24001861/share/KU_Supakon/LARGE0/gr10573/DigitalRock/CNN-USML-demo/Demo-Case2/FeatureVector/DenseNetOut. Found 1 files.
2025-05-23 01:29:50,704 - INFO - Processing file: /home/pj24001861/share/KU_Supakon/LARGE0/gr10573/DigitalRock/CNN-USML-demo/Demo-Case2/FeatureVector/DenseNetOut/DenseNet161_BUG_2d25um_binary_png.out
2025-05-23 01:29:50,890 - INFO - Starting to process files containing 'DenseNet161_BanderaBrown_2d25um_binary_png.out' in /home/pj24001861/share/KU_Supakon/LARGE0/gr10573/DigitalRock/CNN-USML-demo/Demo-Case2/FeatureVector/DenseNetOut. Found 1 files.
2025-05-23 01:29:50,890 - INFO - Processing file: /home/pj24001861/share/KU_Supakon/LARGE0/gr10573/DigitalRock/CNN-USML-demo/Demo-Case2/FeatureVector/DenseNetOut/DenseNet161_BanderaBrown_2d25um_binary_png.out
2025-05-23 01:29:51,077 - INFO - Starting to process files containing 'DenseNet161_BanderaGray_2d25um_binary_png.out' in /home/pj24001861/share/KU_Supakon/LARGE0/gr10573/DigitalRock/CNN-USML-demo/Demo-Case2/FeatureVector/DenseNetOut. Found 1 files.
2025-05-23 01:29:51,077 - INFO - Processing file: /home/pj24001861/share/KU_Supakon/LARGE0/gr10573/DigitalRock/CNN-USML-demo/Demo-Case2/FeatureVector/DenseNetOut/DenseNet161_BanderaGray_2d25um_binary_png.out
2025-05-23 01:29:51,263 - INFO - Starting to process files containing 'DenseNet161_Bentheimer_2d25um_binary_png.out' in /home/pj24001861/share/KU_Supakon/LARGE0/gr10573/DigitalRock/CNN-USML-demo/Demo-Case2/FeatureVector/DenseNetOut. Found 1 files.
2025-05-23 01:29:51,263 - INFO - Processing file: /home/pj24001861/share/KU_Supakon/LARGE0/gr10573/DigitalRock/CNN-USML-demo/Demo-Case2/FeatureVector/DenseNetOut/DenseNet161_Bentheimer_2d25um_binary_png.out
2025-05-23 01:29:51,446 - INFO - Starting to process files containing 'DenseNet161_Berea_2d25um_binary_png.out' in /home/pj24001861/share/KU_Supakon/LARGE0/gr10573/DigitalRock/CNN-USML-demo/Demo-Case2/FeatureVector/DenseNetOut. Found 0 files.
2025-05-23 01:29:51,446 - WARNING - No files found for keyword 'DenseNet161_Berea_2d25um_binary_png.out' in /home/pj24001861/share/KU_Supakon/LARGE0/gr10573/DigitalRock/CNN-USML-demo/Demo-Case2/FeatureVector/DenseNetOut.
2025-05-23 01:29:51,446 - INFO - Starting to process files containing 'DenseNet161_CastleGate_2d25um_binary_png.out' in /home/pj24001861/share/KU_Supakon/LARGE0/gr10573/DigitalRock/CNN-USML-demo/Demo-Case2/FeatureVector/DenseNetOut. Found 0 files.
2025-05-23 01:29:51,446 - WARNING - No files found for keyword 'DenseNet161_CastleGate_2d25um_binary_png.out' in /home/pj24001861/share/KU_Supakon/LARGE0/gr10573/DigitalRock/CNN-USML-demo/Demo-Case2/FeatureVector/DenseNetOut.
2025-05-23 01:29:51,447 - INFO - Starting to process files containing 'DenseNet161_Kirby_2d25um_binary_png.out' in /home/pj24001861/share/KU_Supakon/LARGE0/gr10573/DigitalRock/CNN-USML-demo/Demo-Case2/FeatureVector/DenseNetOut. Found 0 files.
2025-05-23 01:29:51,447 - WARNING - No files found for keyword 'DenseNet161_Kirby_2d25um_binary_png.out' in /home/pj24001861/share/KU_Supakon/LARGE0/gr10573/DigitalRock/CNN-USML-demo/Demo-Case2/FeatureVector/DenseNetOut.
2025-05-23 01:29:51,447 - INFO - Starting to process files containing 'DenseNet161_Leopard_2d25um_binary_png.out' in /home/pj24001861/share/KU_Supakon/LARGE0/gr10573/DigitalRock/CNN-USML-demo/Demo-Case2/FeatureVector/DenseNetOut. Found 0 files.
2025-05-23 01:29:51,447 - WARNING - No files found for keyword 'DenseNet161_Leopard_2d25um_binary_png.out' in /home/pj24001861/share/KU_Supakon/LARGE0/gr10573/DigitalRock/CNN-USML-demo/Demo-Case2/FeatureVector/DenseNetOut.
2025-05-23 01:29:51,448 - INFO - Starting to process files containing 'DenseNet161_Parker_2d25um_binary_png.out' in /home/pj24001861/share/KU_Supakon/LARGE0/gr10573/DigitalRock/CNN-USML-demo/Demo-Case2/FeatureVector/DenseNetOut. Found 0 files.
2025-05-23 01:29:51,448 - WARNING - No files found for keyword 'DenseNet161_Parker_2d25um_binary_png.out' in /home/pj24001861/share/KU_Supakon/LARGE0/gr10573/DigitalRock/CNN-USML-demo/Demo-Case2/FeatureVector/DenseNetOut.
2025-05-23 01:29:51,473 - INFO - Completed processing all files. Starting t-SNE computation.
2025-05-23 01:30:47,430 - INFO - Starting to process files containing 'DenseNet161_BB_2d25um_binary_png.out' in /home/pj24001861/share/KU_Supakon/LARGE0/gr10573/DigitalRock/CNN-USML-demo/Demo-Case2/FeatureVector/DenseNetOut. Found 1 files.
2025-05-23 01:30:47,430 - INFO - Processing file: /home/pj24001861/share/KU_Supakon/LARGE0/gr10573/DigitalRock/CNN-USML-demo/Demo-Case2/FeatureVector/DenseNetOut/DenseNet161_BB_2d25um_binary_png.out
2025-05-23 01:30:47,622 - INFO - Starting to process files containing 'DenseNet161_BSG_2d25um_binary_png.out' in /home/pj24001861/share/KU_Supakon/LARGE0/gr10573/DigitalRock/CNN-USML-demo/Demo-Case2/FeatureVector/DenseNetOut. Found 1 files.
2025-05-23 01:30:47,622 - INFO - Processing file: /home/pj24001861/share/KU_Supakon/LARGE0/gr10573/DigitalRock/CNN-USML-demo/Demo-Case2/FeatureVector/DenseNetOut/DenseNet161_BSG_2d25um_binary_png.out
2025-05-23 01:30:47,809 - INFO - Starting to process files containing 'DenseNet161_BUG_2d25um_binary_png.out' in /home/pj24001861/share/KU_Supakon/LARGE0/gr10573/DigitalRock/CNN-USML-demo/Demo-Case2/FeatureVector/DenseNetOut. Found 1 files.
2025-05-23 01:30:47,809 - INFO - Processing file: /home/pj24001861/share/KU_Supakon/LARGE0/gr10573/DigitalRock/CNN-USML-demo/Demo-Case2/FeatureVector/DenseNetOut/DenseNet161_BUG_2d25um_binary_png.out
2025-05-23 01:30:47,996 - INFO - Starting to process files containing 'DenseNet161_BanderaBrown_2d25um_binary_png.out' in /home/pj24001861/share/KU_Supakon/LARGE0/gr10573/DigitalRock/CNN-USML-demo/Demo-Case2/FeatureVector/DenseNetOut. Found 1 files.
2025-05-23 01:30:47,996 - INFO - Processing file: /home/pj24001861/share/KU_Supakon/LARGE0/gr10573/DigitalRock/CNN-USML-demo/Demo-Case2/FeatureVector/DenseNetOut/DenseNet161_BanderaBrown_2d25um_binary_png.out
2025-05-23 01:30:48,184 - INFO - Starting to process files containing 'DenseNet161_BanderaGray_2d25um_binary_png.out' in /home/pj24001861/share/KU_Supakon/LARGE0/gr10573/DigitalRock/CNN-USML-demo/Demo-Case2/FeatureVector/DenseNetOut. Found 1 files.
2025-05-23 01:30:48,184 - INFO - Processing file: /home/pj24001861/share/KU_Supakon/LARGE0/gr10573/DigitalRock/CNN-USML-demo/Demo-Case2/FeatureVector/DenseNetOut/DenseNet161_BanderaGray_2d25um_binary_png.out
2025-05-23 01:30:48,370 - INFO - Starting to process files containing 'DenseNet161_Bentheimer_2d25um_binary_png.out' in /home/pj24001861/share/KU_Supakon/LARGE0/gr10573/DigitalRock/CNN-USML-demo/Demo-Case2/FeatureVector/DenseNetOut. Found 1 files.
2025-05-23 01:30:48,371 - INFO - Processing file: /home/pj24001861/share/KU_Supakon/LARGE0/gr10573/DigitalRock/CNN-USML-demo/Demo-Case2/FeatureVector/DenseNetOut/DenseNet161_Bentheimer_2d25um_binary_png.out
2025-05-23 01:30:48,556 - INFO - Starting to process files containing 'DenseNet161_Berea_2d25um_binary_png.out' in /home/pj24001861/share/KU_Supakon/LARGE0/gr10573/DigitalRock/CNN-USML-demo/Demo-Case2/FeatureVector/DenseNetOut. Found 0 files.
2025-05-23 01:30:48,556 - WARNING - No files found for keyword 'DenseNet161_Berea_2d25um_binary_png.out' in /home/pj24001861/share/KU_Supakon/LARGE0/gr10573/DigitalRock/CNN-USML-demo/Demo-Case2/FeatureVector/DenseNetOut.
2025-05-23 01:30:48,557 - INFO - Starting to process files containing 'DenseNet161_CastleGate_2d25um_binary_png.out' in /home/pj24001861/share/KU_Supakon/LARGE0/gr10573/DigitalRock/CNN-USML-demo/Demo-Case2/FeatureVector/DenseNetOut. Found 0 files.
2025-05-23 01:30:48,557 - WARNING - No files found for keyword 'DenseNet161_CastleGate_2d25um_binary_png.out' in /home/pj24001861/share/KU_Supakon/LARGE0/gr10573/DigitalRock/CNN-USML-demo/Demo-Case2/FeatureVector/DenseNetOut.
2025-05-23 01:30:48,557 - INFO - Starting to process files containing 'DenseNet161_Kirby_2d25um_binary_png.out' in /home/pj24001861/share/KU_Supakon/LARGE0/gr10573/DigitalRock/CNN-USML-demo/Demo-Case2/FeatureVector/DenseNetOut. Found 0 files.
2025-05-23 01:30:48,558 - WARNING - No files found for keyword 'DenseNet161_Kirby_2d25um_binary_png.out' in /home/pj24001861/share/KU_Supakon/LARGE0/gr10573/DigitalRock/CNN-USML-demo/Demo-Case2/FeatureVector/DenseNetOut.
2025-05-23 01:30:48,558 - INFO - Starting to process files containing 'DenseNet161_Leopard_2d25um_binary_png.out' in /home/pj24001861/share/KU_Supakon/LARGE0/gr10573/DigitalRock/CNN-USML-demo/Demo-Case2/FeatureVector/DenseNetOut. Found 0 files.
2025-05-23 01:30:48,558 - WARNING - No files found for keyword 'DenseNet161_Leopard_2d25um_binary_png.out' in /home/pj24001861/share/KU_Supakon/LARGE0/gr10573/DigitalRock/CNN-USML-demo/Demo-Case2/FeatureVector/DenseNetOut.
2025-05-23 01:30:48,558 - INFO - Starting to process files containing 'DenseNet161_Parker_2d25um_binary_png.out' in /home/pj24001861/share/KU_Supakon/LARGE0/gr10573/DigitalRock/CNN-USML-demo/Demo-Case2/FeatureVector/DenseNetOut. Found 0 files.
2025-05-23 01:30:48,559 - WARNING - No files found for keyword 'DenseNet161_Parker_2d25um_binary_png.out' in /home/pj24001861/share/KU_Supakon/LARGE0/gr10573/DigitalRock/CNN-USML-demo/Demo-Case2/FeatureVector/DenseNetOut.
2025-05-23 01:30:48,584 - INFO - Completed processing all files. Starting t-SNE computation.
2025-05-23 02:18:52,645 - INFO - Starting to process files containing 'DenseNet161_BB_2d25um_binary_png.out' in /home/pj24001861/share/KU_Supakon/LARGE0/gr10573/DigitalRock/CNN-USML-demo/Demo-Case2/FeatureVector/DenseNetOut. Found 1 files.
2025-05-23 02:18:52,646 - INFO - Processing file: /home/pj24001861/share/KU_Supakon/LARGE0/gr10573/DigitalRock/CNN-USML-demo/Demo-Case2/FeatureVector/DenseNetOut/DenseNet161_BB_2d25um_binary_png.out
2025-05-23 02:18:52,895 - INFO - Starting to process files containing 'DenseNet161_BSG_2d25um_binary_png.out' in /home/pj24001861/share/KU_Supakon/LARGE0/gr10573/DigitalRock/CNN-USML-demo/Demo-Case2/FeatureVector/DenseNetOut. Found 1 files.
2025-05-23 02:18:52,896 - INFO - Processing file: /home/pj24001861/share/KU_Supakon/LARGE0/gr10573/DigitalRock/CNN-USML-demo/Demo-Case2/FeatureVector/DenseNetOut/DenseNet161_BSG_2d25um_binary_png.out
2025-05-23 02:18:53,084 - INFO - Starting to process files containing 'DenseNet161_BUG_2d25um_binary_png.out' in /home/pj24001861/share/KU_Supakon/LARGE0/gr10573/DigitalRock/CNN-USML-demo/Demo-Case2/FeatureVector/DenseNetOut. Found 1 files.
2025-05-23 02:18:53,084 - INFO - Processing file: /home/pj24001861/share/KU_Supakon/LARGE0/gr10573/DigitalRock/CNN-USML-demo/Demo-Case2/FeatureVector/DenseNetOut/DenseNet161_BUG_2d25um_binary_png.out
2025-05-23 02:18:53,272 - INFO - Starting to process files containing 'DenseNet161_BanderaBrown_2d25um_binary_png.out' in /home/pj24001861/share/KU_Supakon/LARGE0/gr10573/DigitalRock/CNN-USML-demo/Demo-Case2/FeatureVector/DenseNetOut. Found 1 files.
2025-05-23 02:18:53,272 - INFO - Processing file: /home/pj24001861/share/KU_Supakon/LARGE0/gr10573/DigitalRock/CNN-USML-demo/Demo-Case2/FeatureVector/DenseNetOut/DenseNet161_BanderaBrown_2d25um_binary_png.out
2025-05-23 02:18:53,475 - INFO - Starting to process files containing 'DenseNet161_BanderaGray_2d25um_binary_png.out' in /home/pj24001861/share/KU_Supakon/LARGE0/gr10573/DigitalRock/CNN-USML-demo/Demo-Case2/FeatureVector/DenseNetOut. Found 1 files.
2025-05-23 02:18:53,475 - INFO - Processing file: /home/pj24001861/share/KU_Supakon/LARGE0/gr10573/DigitalRock/CNN-USML-demo/Demo-Case2/FeatureVector/DenseNetOut/DenseNet161_BanderaGray_2d25um_binary_png.out
2025-05-23 02:18:53,676 - INFO - Starting to process files containing 'DenseNet161_Bentheimer_2d25um_binary_png.out' in /home/pj24001861/share/KU_Supakon/LARGE0/gr10573/DigitalRock/CNN-USML-demo/Demo-Case2/FeatureVector/DenseNetOut. Found 0 files.
2025-05-23 02:18:53,676 - WARNING - No files found for keyword 'DenseNet161_Bentheimer_2d25um_binary_png.out' in /home/pj24001861/share/KU_Supakon/LARGE0/gr10573/DigitalRock/CNN-USML-demo/Demo-Case2/FeatureVector/DenseNetOut.
2025-05-23 02:18:53,677 - INFO - Starting to process files containing 'DenseNet161_Berea_2d25um_binary_png.out' in /home/pj24001861/share/KU_Supakon/LARGE0/gr10573/DigitalRock/CNN-USML-demo/Demo-Case2/FeatureVector/DenseNetOut. Found 0 files.
2025-05-23 02:18:53,677 - WARNING - No files found for keyword 'DenseNet161_Berea_2d25um_binary_png.out' in /home/pj24001861/share/KU_Supakon/LARGE0/gr10573/DigitalRock/CNN-USML-demo/Demo-Case2/FeatureVector/DenseNetOut.
2025-05-23 02:18:53,677 - INFO - Starting to process files containing 'DenseNet161_CastleGate_2d25um_binary_png.out' in /home/pj24001861/share/KU_Supakon/LARGE0/gr10573/DigitalRock/CNN-USML-demo/Demo-Case2/FeatureVector/DenseNetOut. Found 0 files.
2025-05-23 02:18:53,677 - WARNING - No files found for keyword 'DenseNet161_CastleGate_2d25um_binary_png.out' in /home/pj24001861/share/KU_Supakon/LARGE0/gr10573/DigitalRock/CNN-USML-demo/Demo-Case2/FeatureVector/DenseNetOut.
2025-05-23 02:18:53,678 - INFO - Starting to process files containing 'DenseNet161_Kirby_2d25um_binary_png.out' in /home/pj24001861/share/KU_Supakon/LARGE0/gr10573/DigitalRock/CNN-USML-demo/Demo-Case2/FeatureVector/DenseNetOut. Found 0 files.
2025-05-23 02:18:53,678 - WARNING - No files found for keyword 'DenseNet161_Kirby_2d25um_binary_png.out' in /home/pj24001861/share/KU_Supakon/LARGE0/gr10573/DigitalRock/CNN-USML-demo/Demo-Case2/FeatureVector/DenseNetOut.
2025-05-23 02:18:53,678 - INFO - Starting to process files containing 'DenseNet161_Leopard_2d25um_binary_png.out' in /home/pj24001861/share/KU_Supakon/LARGE0/gr10573/DigitalRock/CNN-USML-demo/Demo-Case2/FeatureVector/DenseNetOut. Found 0 files.
2025-05-23 02:18:53,678 - WARNING - No files found for keyword 'DenseNet161_Leopard_2d25um_binary_png.out' in /home/pj24001861/share/KU_Supakon/LARGE0/gr10573/DigitalRock/CNN-USML-demo/Demo-Case2/FeatureVector/DenseNetOut.
2025-05-23 02:18:53,679 - INFO - Starting to process files containing 'DenseNet161_Parker_2d25um_binary_png.out' in /home/pj24001861/share/KU_Supakon/LARGE0/gr10573/DigitalRock/CNN-USML-demo/Demo-Case2/FeatureVector/DenseNetOut. Found 0 files.
2025-05-23 02:18:53,679 - WARNING - No files found for keyword 'DenseNet161_Parker_2d25um_binary_png.out' in /home/pj24001861/share/KU_Supakon/LARGE0/gr10573/DigitalRock/CNN-USML-demo/Demo-Case2/FeatureVector/DenseNetOut.
2025-05-23 02:18:53,702 - INFO - Completed processing all files. Starting t-SNE computation.
2025-05-23 02:19:02,207 - INFO - t-SNE computation completed.
2025-05-23 02:19:02,209 - INFO - t-SNE results for keyword 'DenseNet161_BanderaGray_2d25um_binary_png.out' saved to /home/pj24001861/share/KU_Supakon/LARGE0/gr10573/DigitalRock/CNN-USML-demo/Demo-Case2/DR_DATA/tSNE/DenseNet161_BanderaGray_2d25um_binary_png.out_tsne_pp5_results.txt
2025-05-23 02:19:02,210 - INFO - t-SNE results for keyword 'DenseNet161_BanderaBrown_2d25um_binary_png.out' saved to /home/pj24001861/share/KU_Supakon/LARGE0/gr10573/DigitalRock/CNN-USML-demo/Demo-Case2/DR_DATA/tSNE/DenseNet161_BanderaBrown_2d25um_binary_png.out_tsne_pp5_results.txt
2025-05-23 02:19:02,211 - INFO - t-SNE results for keyword 'DenseNet161_BUG_2d25um_binary_png.out' saved to /home/pj24001861/share/KU_Supakon/LARGE0/gr10573/DigitalRock/CNN-USML-demo/Demo-Case2/DR_DATA/tSNE/DenseNet161_BUG_2d25um_binary_png.out_tsne_pp5_results.txt
2025-05-23 02:19:02,212 - INFO - t-SNE results for keyword 'DenseNet161_BSG_2d25um_binary_png.out' saved to /home/pj24001861/share/KU_Supakon/LARGE0/gr10573/DigitalRock/CNN-USML-demo/Demo-Case2/DR_DATA/tSNE/DenseNet161_BSG_2d25um_binary_png.out_tsne_pp5_results.txt
2025-05-23 02:19:02,213 - INFO - t-SNE results for keyword 'DenseNet161_BB_2d25um_binary_png.out' saved to /home/pj24001861/share/KU_Supakon/LARGE0/gr10573/DigitalRock/CNN-USML-demo/Demo-Case2/DR_DATA/tSNE/DenseNet161_BB_2d25um_binary_png.out_tsne_pp5_results.txt
